<?xml version="1.0" encoding="UTF-8"?>
<coverage generated="1670020671774" clover="3.2.0">
  <project timestamp="1670020671776" name="All files">
    <metrics statements="41" coveredstatements="39" conditionals="14" coveredconditionals="13" methods="8" coveredmethods="7" elements="63" coveredelements="59" complexity="0" loc="41" ncloc="41" packages="1" files="5" classes="5"/>
    <file name="bishop.ts" path="C:\Users\haap9\Documents\HAAP Documents\Cursos\JalaUniversity\Backend\Homework_2-12-2022_Gameboard + Bishop\src\bishop.ts">
      <metrics statements="11" coveredstatements="10" conditionals="4" coveredconditionals="3" methods="1" coveredmethods="1"/>
      <line num="1" count="1" type="stmt"/>
      <line num="4" count="1" type="stmt"/>
      <line num="7" count="8" type="stmt"/>
      <line num="8" count="8" type="stmt"/>
      <line num="9" count="8" type="stmt"/>
      <line num="10" count="8" type="stmt"/>
      <line num="12" count="8" type="cond" truecount="2" falsecount="1"/>
      <line num="14" count="0" type="stmt"/>
      <line num="16" count="8" type="cond" truecount="1" falsecount="0"/>
      <line num="18" count="2" type="stmt"/>
      <line num="20" count="6" type="stmt"/>
    </file>
    <file name="king.ts" path="C:\Users\haap9\Documents\HAAP Documents\Cursos\JalaUniversity\Backend\Homework_2-12-2022_Gameboard + Bishop\src\king.ts">
      <metrics statements="11" coveredstatements="11" conditionals="6" coveredconditionals="6" methods="1" coveredmethods="1"/>
      <line num="1" count="1" type="stmt"/>
      <line num="4" count="1" type="stmt"/>
      <line num="7" count="4" type="stmt"/>
      <line num="8" count="4" type="stmt"/>
      <line num="9" count="4" type="stmt"/>
      <line num="10" count="4" type="stmt"/>
      <line num="12" count="4" type="cond" truecount="3" falsecount="0"/>
      <line num="14" count="1" type="stmt"/>
      <line num="16" count="3" type="cond" truecount="3" falsecount="0"/>
      <line num="18" count="2" type="stmt"/>
      <line num="20" count="1" type="stmt"/>
    </file>
    <file name="piece.ts" path="C:\Users\haap9\Documents\HAAP Documents\Cursos\JalaUniversity\Backend\Homework_2-12-2022_Gameboard + Bishop\src\piece.ts">
      <metrics statements="5" coveredstatements="4" conditionals="0" coveredconditionals="0" methods="2" coveredmethods="1"/>
      <line num="1" count="3" type="stmt"/>
      <line num="4" count="3" type="stmt"/>
      <line num="7" count="14" type="stmt"/>
      <line num="11" count="14" type="stmt"/>
      <line num="15" count="0" type="stmt"/>
    </file>
    <file name="position.ts" path="C:\Users\haap9\Documents\HAAP Documents\Cursos\JalaUniversity\Backend\Homework_2-12-2022_Gameboard + Bishop\src\position.ts">
      <metrics statements="5" coveredstatements="5" conditionals="0" coveredconditionals="0" methods="3" coveredmethods="3"/>
      <line num="3" count="3" type="stmt"/>
      <line num="5" count="34" type="stmt"/>
      <line num="6" count="34" type="stmt"/>
      <line num="10" count="40" type="stmt"/>
      <line num="14" count="40" type="stmt"/>
    </file>
    <file name="queen.ts" path="C:\Users\haap9\Documents\HAAP Documents\Cursos\JalaUniversity\Backend\Homework_2-12-2022_Gameboard + Bishop\src\queen.ts">
      <metrics statements="9" coveredstatements="9" conditionals="4" coveredconditionals="4" methods="1" coveredmethods="1"/>
      <line num="1" count="1" type="stmt"/>
      <line num="4" count="1" type="stmt"/>
      <line num="7" count="8" type="stmt"/>
      <line num="8" count="8" type="stmt"/>
      <line num="9" count="8" type="stmt"/>
      <line num="10" count="8" type="stmt"/>
      <line num="12" count="8" type="cond" truecount="4" falsecount="0"/>
      <line num="16" count="4" type="stmt"/>
      <line num="18" count="4" type="stmt"/>
    </file>
  </project>
</coverage>
