{"C:\\Users\\haap9\\Documents\\HAAP Documents\\Cursos\\JalaUniversity\\Backend\\Homework_2-12-2022_Gameboard + Bishop\\src\\bishop.ts": {"path":"C:\\Users\\haap9\\Documents\\HAAP Documents\\Cursos\\JalaUniversity\\Backend\\Homework_2-12-2022_Gameboard + Bishop\\src\\bishop.ts","statementMap":{"0":{"start":{"line":1,"column":0},"end":{"line":1,"column":28}},"1":{"start":{"line":7,"column":28},"end":{"line":7,"column":51}},"2":{"start":{"line":8,"column":28},"end":{"line":8,"column":51}},"3":{"start":{"line":9,"column":27},"end":{"line":9,"column":45}},"4":{"start":{"line":10,"column":27},"end":{"line":10,"column":45}},"5":{"start":{"line":12,"column":8},"end":{"line":14,"column":25}},"6":{"start":{"line":14,"column":12},"end":{"line":14,"column":25}},"7":{"start":{"line":16,"column":8},"end":{"line":18,"column":24}},"8":{"start":{"line":18,"column":12},"end":{"line":18,"column":24}},"9":{"start":{"line":20,"column":8},"end":{"line":20,"column":21}},"10":{"start":{"line":4,"column":0},"end":{"line":4,"column":21}}},"fnMap":{"0":{"name":"(anonymous_1)","decl":{"start":{"line":5,"column":4},"end":{"line":5,"column":13}},"loc":{"start":{"line":5,"column":32},"end":{"line":21,"column":5}}}},"branchMap":{"0":{"loc":{"start":{"line":12,"column":8},"end":{"line":14,"column":25}},"type":"if","locations":[{"start":{"line":12,"column":8},"end":{"line":14,"column":25}}]},"1":{"loc":{"start":{"line":12,"column":11},"end":{"line":13,"column":39}},"type":"binary-expr","locations":[{"start":{"line":12,"column":12},"end":{"line":12,"column":38}},{"start":{"line":13,"column":12},"end":{"line":13,"column":38}}]},"2":{"loc":{"start":{"line":16,"column":8},"end":{"line":18,"column":24}},"type":"if","locations":[{"start":{"line":16,"column":8},"end":{"line":18,"column":24}}]}},"s":{"0":1,"1":8,"2":8,"3":8,"4":8,"5":8,"6":0,"7":8,"8":2,"9":6,"10":1},"f":{"0":8},"b":{"0":[0],"1":[8,2],"2":[2]}}
,"C:\\Users\\haap9\\Documents\\HAAP Documents\\Cursos\\JalaUniversity\\Backend\\Homework_2-12-2022_Gameboard + Bishop\\src\\king.ts": {"path":"C:\\Users\\haap9\\Documents\\HAAP Documents\\Cursos\\JalaUniversity\\Backend\\Homework_2-12-2022_Gameboard + Bishop\\src\\king.ts","statementMap":{"0":{"start":{"line":1,"column":0},"end":{"line":1,"column":28}},"1":{"start":{"line":7,"column":28},"end":{"line":7,"column":51}},"2":{"start":{"line":8,"column":28},"end":{"line":8,"column":51}},"3":{"start":{"line":9,"column":27},"end":{"line":9,"column":45}},"4":{"start":{"line":10,"column":27},"end":{"line":10,"column":45}},"5":{"start":{"line":12,"column":8},"end":{"line":14,"column":25}},"6":{"start":{"line":14,"column":12},"end":{"line":14,"column":25}},"7":{"start":{"line":16,"column":8},"end":{"line":18,"column":24}},"8":{"start":{"line":18,"column":12},"end":{"line":18,"column":24}},"9":{"start":{"line":20,"column":8},"end":{"line":20,"column":21}},"10":{"start":{"line":4,"column":0},"end":{"line":4,"column":21}}},"fnMap":{"0":{"name":"(anonymous_1)","decl":{"start":{"line":5,"column":4},"end":{"line":5,"column":13}},"loc":{"start":{"line":5,"column":32},"end":{"line":22,"column":5}}}},"branchMap":{"0":{"loc":{"start":{"line":12,"column":8},"end":{"line":14,"column":25}},"type":"if","locations":[{"start":{"line":12,"column":8},"end":{"line":14,"column":25}}]},"1":{"loc":{"start":{"line":12,"column":11},"end":{"line":13,"column":39}},"type":"binary-expr","locations":[{"start":{"line":12,"column":12},"end":{"line":12,"column":38}},{"start":{"line":13,"column":12},"end":{"line":13,"column":38}}]},"2":{"loc":{"start":{"line":16,"column":8},"end":{"line":18,"column":24}},"type":"if","locations":[{"start":{"line":16,"column":8},"end":{"line":18,"column":24}}]},"3":{"loc":{"start":{"line":16,"column":11},"end":{"line":17,"column":78}},"type":"binary-expr","locations":[{"start":{"line":16,"column":12},"end":{"line":16,"column":78}},{"start":{"line":17,"column":12},"end":{"line":17,"column":77}}]}},"s":{"0":1,"1":4,"2":4,"3":4,"4":4,"5":4,"6":1,"7":3,"8":2,"9":1,"10":1},"f":{"0":4},"b":{"0":[1],"1":[4,3],"2":[2],"3":[3,2]}}
,"C:\\Users\\haap9\\Documents\\HAAP Documents\\Cursos\\JalaUniversity\\Backend\\Homework_2-12-2022_Gameboard + Bishop\\src\\piece.ts": {"path":"C:\\Users\\haap9\\Documents\\HAAP Documents\\Cursos\\JalaUniversity\\Backend\\Homework_2-12-2022_Gameboard + Bishop\\src\\piece.ts","statementMap":{"0":{"start":{"line":1,"column":0},"end":{"line":1,"column":34}},"1":{"start":{"line":7,"column":25},"end":{"line":7,"column":37}},"2":{"start":{"line":11,"column":8},"end":{"line":11,"column":49}},"3":{"start":{"line":15,"column":8},"end":{"line":15,"column":34}},"4":{"start":{"line":4,"column":0},"end":{"line":4,"column":30}}},"fnMap":{"0":{"name":"(anonymous_1)","decl":{"start":{"line":6,"column":4},"end":{"line":6,"column":null}},"loc":{"start":{"line":9,"column":18},"end":{"line":12,"column":5}}},"1":{"name":"(anonymous_2)","decl":{"start":{"line":14,"column":4},"end":{"line":14,"column":10}},"loc":{"start":{"line":14,"column":29},"end":{"line":16,"column":5}}}},"branchMap":{},"s":{"0":3,"1":14,"2":14,"3":0,"4":3},"f":{"0":14,"1":0},"b":{}}
,"C:\\Users\\haap9\\Documents\\HAAP Documents\\Cursos\\JalaUniversity\\Backend\\Homework_2-12-2022_Gameboard + Bishop\\src\\position.ts": {"path":"C:\\Users\\haap9\\Documents\\HAAP Documents\\Cursos\\JalaUniversity\\Backend\\Homework_2-12-2022_Gameboard + Bishop\\src\\position.ts","statementMap":{"0":{"start":{"line":5,"column":16},"end":{"line":5,"column":26}},"1":{"start":{"line":6,"column":16},"end":{"line":6,"column":26}},"2":{"start":{"line":10,"column":8},"end":{"line":10,"column":25}},"3":{"start":{"line":14,"column":8},"end":{"line":14,"column":25}},"4":{"start":{"line":3,"column":0},"end":{"line":3,"column":21}}},"fnMap":{"0":{"name":"(anonymous_0)","decl":{"start":{"line":4,"column":4},"end":{"line":4,"column":null}},"loc":{"start":{"line":6,"column":26},"end":{"line":7,"column":7}}},"1":{"name":"(anonymous_1)","decl":{"start":{"line":9,"column":4},"end":{"line":9,"column":11}},"loc":{"start":{"line":9,"column":11},"end":{"line":11,"column":5}}},"2":{"name":"(anonymous_2)","decl":{"start":{"line":13,"column":4},"end":{"line":13,"column":11}},"loc":{"start":{"line":13,"column":11},"end":{"line":15,"column":5}}}},"branchMap":{},"s":{"0":34,"1":34,"2":40,"3":40,"4":3},"f":{"0":34,"1":40,"2":40},"b":{}}
,"C:\\Users\\haap9\\Documents\\HAAP Documents\\Cursos\\JalaUniversity\\Backend\\Homework_2-12-2022_Gameboard + Bishop\\src\\queen.ts": {"path":"C:\\Users\\haap9\\Documents\\HAAP Documents\\Cursos\\JalaUniversity\\Backend\\Homework_2-12-2022_Gameboard + Bishop\\src\\queen.ts","statementMap":{"0":{"start":{"line":1,"column":0},"end":{"line":1,"column":28}},"1":{"start":{"line":7,"column":28},"end":{"line":7,"column":51}},"2":{"start":{"line":8,"column":28},"end":{"line":8,"column":51}},"3":{"start":{"line":9,"column":27},"end":{"line":9,"column":45}},"4":{"start":{"line":10,"column":27},"end":{"line":10,"column":45}},"5":{"start":{"line":12,"column":8},"end":{"line":16,"column":24}},"6":{"start":{"line":16,"column":12},"end":{"line":16,"column":24}},"7":{"start":{"line":18,"column":8},"end":{"line":18,"column":21}},"8":{"start":{"line":4,"column":0},"end":{"line":4,"column":21}}},"fnMap":{"0":{"name":"(anonymous_1)","decl":{"start":{"line":5,"column":4},"end":{"line":5,"column":13}},"loc":{"start":{"line":5,"column":32},"end":{"line":19,"column":5}}}},"branchMap":{"0":{"loc":{"start":{"line":12,"column":8},"end":{"line":16,"column":24}},"type":"if","locations":[{"start":{"line":12,"column":8},"end":{"line":16,"column":24}}]},"1":{"loc":{"start":{"line":12,"column":11},"end":{"line":15,"column":77}},"type":"binary-expr","locations":[{"start":{"line":12,"column":12},"end":{"line":12,"column":38}},{"start":{"line":13,"column":12},"end":{"line":13,"column":38}},{"start":{"line":14,"column":12},"end":{"line":15,"column":76}}]}},"s":{"0":1,"1":8,"2":8,"3":8,"4":8,"5":8,"6":4,"7":4,"8":1},"f":{"0":8},"b":{"0":[4],"1":[8,7,6]}}
}
