TN:
SF:src\bishop.ts
FN:5,(anonymous_1)
FNF:1
FNH:1
FNDA:8,(anonymous_1)
DA:1,1
DA:4,1
DA:7,8
DA:8,8
DA:9,8
DA:10,8
DA:12,8
DA:14,0
DA:16,8
DA:18,2
DA:20,6
LF:11
LH:10
BRDA:12,0,0,0
BRDA:12,1,0,8
BRDA:12,1,1,2
BRDA:16,2,0,2
BRF:4
BRH:3
end_of_record
TN:
SF:src\king.ts
FN:5,(anonymous_1)
FNF:1
FNH:1
FNDA:4,(anonymous_1)
DA:1,1
DA:4,1
DA:7,4
DA:8,4
DA:9,4
DA:10,4
DA:12,4
DA:14,1
DA:16,3
DA:18,2
DA:20,1
LF:11
LH:11
BRDA:12,0,0,1
BRDA:12,1,0,4
BRDA:12,1,1,3
BRDA:16,2,0,2
BRDA:16,3,0,3
BRDA:16,3,1,2
BRF:6
BRH:6
end_of_record
TN:
SF:src\piece.ts
FN:6,(anonymous_1)
FN:14,(anonymous_2)
FNF:2
FNH:1
FNDA:14,(anonymous_1)
FNDA:0,(anonymous_2)
DA:1,3
DA:4,3
DA:7,14
DA:11,14
DA:15,0
LF:5
LH:4
BRF:0
BRH:0
end_of_record
TN:
SF:src\position.ts
FN:4,(anonymous_0)
FN:9,(anonymous_1)
FN:13,(anonymous_2)
FNF:3
FNH:3
FNDA:34,(anonymous_0)
FNDA:40,(anonymous_1)
FNDA:40,(anonymous_2)
DA:3,3
DA:5,34
DA:6,34
DA:10,40
DA:14,40
LF:5
LH:5
BRF:0
BRH:0
end_of_record
TN:
SF:src\queen.ts
FN:5,(anonymous_1)
FNF:1
FNH:1
FNDA:8,(anonymous_1)
DA:1,1
DA:4,1
DA:7,8
DA:8,8
DA:9,8
DA:10,8
DA:12,8
DA:16,4
DA:18,4
LF:9
LH:9
BRDA:12,0,0,4
BRDA:12,1,0,8
BRDA:12,1,1,7
BRDA:12,1,2,6
BRF:4
BRH:4
end_of_record
