{"C:\\Users\\haap9\\Documents\\HAAP Documents\\Cursos\\JalaUniversity\\Backend\\MyTsExpressApp\\src\\calc.ts": {"path":"C:\\Users\\haap9\\Documents\\HAAP Documents\\Cursos\\JalaUniversity\\Backend\\MyTsExpressApp\\src\\calc.ts","statementMap":{"0":{"start":{"line":2,"column":4},"end":{"line":2,"column":17}},"1":{"start":{"line":1,"column":0},"end":{"line":1,"column":24}}},"fnMap":{"0":{"name":"sum","decl":{"start":{"line":1,"column":24},"end":{"line":1,"column":27}},"loc":{"start":{"line":1,"column":48},"end":{"line":3,"column":1}}}},"branchMap":{},"s":{"0":3,"1":1},"f":{"0":3},"b":{}}
}
