{"C:\\Users\\haap9\\Documents\\HAAP Documents\\Cursos\\JalaUniversity\\Backend\\Project_12-12-2022_Snake_API\\src\\db\\db-source.ts": {"path":"C:\\Users\\haap9\\Documents\\HAAP Documents\\Cursos\\JalaUniversity\\Backend\\Project_12-12-2022_Snake_API\\src\\db\\db-source.ts","statementMap":{"0":{"start":{"line":1,"column":0},"end":{"line":1,"column":37}},"1":{"start":{"line":2,"column":0},"end":{"line":2,"column":44}},"2":{"start":{"line":3,"column":0},"end":{"line":3,"column":42}},"3":{"start":{"line":4,"column":0},"end":{"line":4,"column":44}},"4":{"start":{"line":5,"column":0},"end":{"line":5,"column":42}},"5":{"start":{"line":7,"column":13},"end":{"line":15,"column":3}}},"fnMap":{},"branchMap":{},"s":{"0":2,"1":2,"2":2,"3":2,"4":2,"5":2},"f":{},"b":{}}
,"C:\\Users\\haap9\\Documents\\HAAP Documents\\Cursos\\JalaUniversity\\Backend\\Project_12-12-2022_Snake_API\\src\\db\\dbEntities\\db-board.ts": {"path":"C:\\Users\\haap9\\Documents\\HAAP Documents\\Cursos\\JalaUniversity\\Backend\\Project_12-12-2022_Snake_API\\src\\db\\dbEntities\\db-board.ts","statementMap":{"0":{"start":{"line":1,"column":0},"end":{"line":1,"column":56}},"1":{"start":{"line":5,"column":15},"end":{"line":16,"column":null}},"2":{"start":{"line":7,"column":4},"end":{"line":8,"column":null}},"3":{"start":{"line":10,"column":4},"end":{"line":11,"column":null}},"4":{"start":{"line":13,"column":4},"end":{"line":14,"column":null}},"5":{"start":{"line":5,"column":21},"end":{"line":16,"column":null}},"6":{"start":{"line":5,"column":21},"end":{"line":5,"column":null}}},"fnMap":{},"branchMap":{},"s":{"0":2,"1":2,"2":2,"3":2,"4":2,"5":2,"6":2},"f":{},"b":{}}
,"C:\\Users\\haap9\\Documents\\HAAP Documents\\Cursos\\JalaUniversity\\Backend\\Project_12-12-2022_Snake_API\\src\\db\\dbEntities\\db-food.ts": {"path":"C:\\Users\\haap9\\Documents\\HAAP Documents\\Cursos\\JalaUniversity\\Backend\\Project_12-12-2022_Snake_API\\src\\db\\dbEntities\\db-food.ts","statementMap":{"0":{"start":{"line":1,"column":0},"end":{"line":1,"column":56}},"1":{"start":{"line":5,"column":15},"end":{"line":16,"column":null}},"2":{"start":{"line":7,"column":4},"end":{"line":8,"column":null}},"3":{"start":{"line":10,"column":4},"end":{"line":11,"column":null}},"4":{"start":{"line":13,"column":4},"end":{"line":14,"column":null}},"5":{"start":{"line":5,"column":21},"end":{"line":16,"column":null}},"6":{"start":{"line":5,"column":21},"end":{"line":5,"column":null}}},"fnMap":{},"branchMap":{},"s":{"0":2,"1":2,"2":2,"3":2,"4":2,"5":2,"6":2},"f":{},"b":{}}
,"C:\\Users\\haap9\\Documents\\HAAP Documents\\Cursos\\JalaUniversity\\Backend\\Project_12-12-2022_Snake_API\\src\\db\\dbEntities\\db-game.ts": {"path":"C:\\Users\\haap9\\Documents\\HAAP Documents\\Cursos\\JalaUniversity\\Backend\\Project_12-12-2022_Snake_API\\src\\db\\dbEntities\\db-game.ts","statementMap":{"0":{"start":{"line":1,"column":0},"end":{"line":1,"column":56}},"1":{"start":{"line":5,"column":15},"end":{"line":19,"column":null}},"2":{"start":{"line":7,"column":4},"end":{"line":8,"column":null}},"3":{"start":{"line":10,"column":4},"end":{"line":11,"column":null}},"4":{"start":{"line":13,"column":4},"end":{"line":14,"column":null}},"5":{"start":{"line":16,"column":4},"end":{"line":17,"column":null}},"6":{"start":{"line":5,"column":21},"end":{"line":19,"column":null}},"7":{"start":{"line":5,"column":21},"end":{"line":5,"column":null}}},"fnMap":{},"branchMap":{},"s":{"0":2,"1":2,"2":2,"3":2,"4":2,"5":2,"6":2,"7":2},"f":{},"b":{}}
,"C:\\Users\\haap9\\Documents\\HAAP Documents\\Cursos\\JalaUniversity\\Backend\\Project_12-12-2022_Snake_API\\src\\db\\dbEntities\\db-snake.ts": {"path":"C:\\Users\\haap9\\Documents\\HAAP Documents\\Cursos\\JalaUniversity\\Backend\\Project_12-12-2022_Snake_API\\src\\db\\dbEntities\\db-snake.ts","statementMap":{"0":{"start":{"line":1,"column":0},"end":{"line":1,"column":56}},"1":{"start":{"line":5,"column":15},"end":{"line":30,"column":null}},"2":{"start":{"line":7,"column":4},"end":{"line":8,"column":null}},"3":{"start":{"line":10,"column":4},"end":{"line":11,"column":null}},"4":{"start":{"line":13,"column":4},"end":{"line":14,"column":null}},"5":{"start":{"line":16,"column":4},"end":{"line":17,"column":null}},"6":{"start":{"line":19,"column":4},"end":{"line":20,"column":null}},"7":{"start":{"line":22,"column":4},"end":{"line":23,"column":null}},"8":{"start":{"line":25,"column":4},"end":{"line":26,"column":null}},"9":{"start":{"line":28,"column":4},"end":{"line":29,"column":null}},"10":{"start":{"line":5,"column":21},"end":{"line":30,"column":null}},"11":{"start":{"line":5,"column":21},"end":{"line":5,"column":null}}},"fnMap":{},"branchMap":{},"s":{"0":2,"1":2,"2":2,"3":2,"4":2,"5":2,"6":2,"7":2,"8":2,"9":2,"10":2,"11":2},"f":{},"b":{}}
,"C:\\Users\\haap9\\Documents\\HAAP Documents\\Cursos\\JalaUniversity\\Backend\\Project_12-12-2022_Snake_API\\src\\db\\dbServices\\db-board-services.ts": {"path":"C:\\Users\\haap9\\Documents\\HAAP Documents\\Cursos\\JalaUniversity\\Backend\\Project_12-12-2022_Snake_API\\src\\db\\dbServices\\db-board-services.ts","statementMap":{"0":{"start":{"line":1,"column":0},"end":{"line":1,"column":45}},"1":{"start":{"line":2,"column":0},"end":{"line":2,"column":39}},"2":{"start":{"line":4,"column":0},"end":{"line":4,"column":45}},"3":{"start":{"line":7,"column":15},"end":{"line":29,"column":null}},"4":{"start":{"line":10,"column":27},"end":{"line":10,"column":63}},"5":{"start":{"line":11,"column":8},"end":{"line":11,"column":37}},"6":{"start":{"line":12,"column":8},"end":{"line":12,"column":21}},"7":{"start":{"line":16,"column":27},"end":{"line":16,"column":63}},"8":{"start":{"line":17,"column":8},"end":{"line":19,"column":11}},"9":{"start":{"line":23,"column":27},"end":{"line":23,"column":63}},"10":{"start":{"line":24,"column":8},"end":{"line":26,"column":11}},"11":{"start":{"line":27,"column":8},"end":{"line":27,"column":42}},"12":{"start":{"line":7,"column":21},"end":{"line":29,"column":null}},"13":{"start":{"line":7,"column":21},"end":{"line":7,"column":null}}},"fnMap":{"0":{"name":"(anonymous_9)","decl":{"start":{"line":9,"column":10},"end":{"line":9,"column":16}},"loc":{"start":{"line":9,"column":31},"end":{"line":13,"column":null}}},"1":{"name":"(anonymous_11)","decl":{"start":{"line":15,"column":10},"end":{"line":15,"column":14}},"loc":{"start":{"line":15,"column":25},"end":{"line":20,"column":null}}},"2":{"name":"(anonymous_13)","decl":{"start":{"line":22,"column":10},"end":{"line":22,"column":16}},"loc":{"start":{"line":22,"column":27},"end":{"line":28,"column":null}}}},"branchMap":{},"s":{"0":2,"1":2,"2":2,"3":2,"4":0,"5":0,"6":0,"7":1,"8":1,"9":0,"10":0,"11":0,"12":2,"13":2},"f":{"0":0,"1":1,"2":0},"b":{}}
,"C:\\Users\\haap9\\Documents\\HAAP Documents\\Cursos\\JalaUniversity\\Backend\\Project_12-12-2022_Snake_API\\src\\db\\dbServices\\db-food-services.ts": {"path":"C:\\Users\\haap9\\Documents\\HAAP Documents\\Cursos\\JalaUniversity\\Backend\\Project_12-12-2022_Snake_API\\src\\db\\dbServices\\db-food-services.ts","statementMap":{"0":{"start":{"line":1,"column":0},"end":{"line":1,"column":45}},"1":{"start":{"line":2,"column":0},"end":{"line":2,"column":39}},"2":{"start":{"line":4,"column":0},"end":{"line":4,"column":43}},"3":{"start":{"line":7,"column":15},"end":{"line":34,"column":null}},"4":{"start":{"line":10,"column":27},"end":{"line":10,"column":62}},"5":{"start":{"line":11,"column":8},"end":{"line":11,"column":36}},"6":{"start":{"line":12,"column":8},"end":{"line":12,"column":20}},"7":{"start":{"line":16,"column":27},"end":{"line":16,"column":62}},"8":{"start":{"line":17,"column":8},"end":{"line":19,"column":11}},"9":{"start":{"line":23,"column":27},"end":{"line":23,"column":62}},"10":{"start":{"line":24,"column":8},"end":{"line":24,"column":36}},"11":{"start":{"line":28,"column":27},"end":{"line":28,"column":62}},"12":{"start":{"line":29,"column":8},"end":{"line":31,"column":11}},"13":{"start":{"line":32,"column":8},"end":{"line":32,"column":41}},"14":{"start":{"line":7,"column":21},"end":{"line":34,"column":null}},"15":{"start":{"line":7,"column":21},"end":{"line":7,"column":null}}},"fnMap":{"0":{"name":"(anonymous_9)","decl":{"start":{"line":9,"column":10},"end":{"line":9,"column":16}},"loc":{"start":{"line":9,"column":29},"end":{"line":13,"column":null}}},"1":{"name":"(anonymous_11)","decl":{"start":{"line":15,"column":10},"end":{"line":15,"column":14}},"loc":{"start":{"line":15,"column":25},"end":{"line":20,"column":null}}},"2":{"name":"(anonymous_13)","decl":{"start":{"line":22,"column":10},"end":{"line":22,"column":16}},"loc":{"start":{"line":22,"column":29},"end":{"line":25,"column":null}}},"3":{"name":"(anonymous_15)","decl":{"start":{"line":27,"column":10},"end":{"line":27,"column":16}},"loc":{"start":{"line":27,"column":27},"end":{"line":33,"column":null}}}},"branchMap":{},"s":{"0":2,"1":2,"2":2,"3":2,"4":0,"5":0,"6":0,"7":1,"8":1,"9":0,"10":0,"11":0,"12":0,"13":0,"14":2,"15":2},"f":{"0":0,"1":1,"2":0,"3":0},"b":{}}
,"C:\\Users\\haap9\\Documents\\HAAP Documents\\Cursos\\JalaUniversity\\Backend\\Project_12-12-2022_Snake_API\\src\\db\\dbServices\\db-game-services.ts": {"path":"C:\\Users\\haap9\\Documents\\HAAP Documents\\Cursos\\JalaUniversity\\Backend\\Project_12-12-2022_Snake_API\\src\\db\\dbServices\\db-game-services.ts","statementMap":{"0":{"start":{"line":1,"column":0},"end":{"line":1,"column":45}},"1":{"start":{"line":2,"column":0},"end":{"line":2,"column":39}},"2":{"start":{"line":4,"column":0},"end":{"line":4,"column":43}},"3":{"start":{"line":7,"column":15},"end":{"line":33,"column":null}},"4":{"start":{"line":9,"column":23},"end":{"line":9,"column":58}},"5":{"start":{"line":10,"column":4},"end":{"line":10,"column":32}},"6":{"start":{"line":11,"column":4},"end":{"line":11,"column":16}},"7":{"start":{"line":15,"column":23},"end":{"line":15,"column":58}},"8":{"start":{"line":16,"column":4},"end":{"line":18,"column":7}},"9":{"start":{"line":22,"column":23},"end":{"line":22,"column":58}},"10":{"start":{"line":23,"column":4},"end":{"line":23,"column":32}},"11":{"start":{"line":27,"column":23},"end":{"line":27,"column":58}},"12":{"start":{"line":28,"column":4},"end":{"line":30,"column":7}},"13":{"start":{"line":31,"column":4},"end":{"line":31,"column":37}},"14":{"start":{"line":7,"column":21},"end":{"line":33,"column":null}},"15":{"start":{"line":7,"column":21},"end":{"line":7,"column":null}}},"fnMap":{"0":{"name":"(anonymous_9)","decl":{"start":{"line":8,"column":8},"end":{"line":8,"column":14}},"loc":{"start":{"line":8,"column":27},"end":{"line":12,"column":null}}},"1":{"name":"(anonymous_11)","decl":{"start":{"line":14,"column":8},"end":{"line":14,"column":12}},"loc":{"start":{"line":14,"column":23},"end":{"line":19,"column":null}}},"2":{"name":"(anonymous_13)","decl":{"start":{"line":21,"column":8},"end":{"line":21,"column":14}},"loc":{"start":{"line":21,"column":27},"end":{"line":24,"column":null}}},"3":{"name":"(anonymous_15)","decl":{"start":{"line":26,"column":8},"end":{"line":26,"column":14}},"loc":{"start":{"line":26,"column":25},"end":{"line":32,"column":null}}}},"branchMap":{},"s":{"0":2,"1":2,"2":2,"3":2,"4":0,"5":0,"6":0,"7":0,"8":0,"9":0,"10":0,"11":0,"12":0,"13":0,"14":2,"15":2},"f":{"0":0,"1":0,"2":0,"3":0},"b":{}}
,"C:\\Users\\haap9\\Documents\\HAAP Documents\\Cursos\\JalaUniversity\\Backend\\Project_12-12-2022_Snake_API\\src\\db\\dbServices\\db-snake-services.ts": {"path":"C:\\Users\\haap9\\Documents\\HAAP Documents\\Cursos\\JalaUniversity\\Backend\\Project_12-12-2022_Snake_API\\src\\db\\dbServices\\db-snake-services.ts","statementMap":{"0":{"start":{"line":1,"column":0},"end":{"line":1,"column":45}},"1":{"start":{"line":2,"column":0},"end":{"line":2,"column":39}},"2":{"start":{"line":4,"column":0},"end":{"line":4,"column":45}},"3":{"start":{"line":8,"column":15},"end":{"line":42,"column":null}},"4":{"start":{"line":11,"column":27},"end":{"line":11,"column":63}},"5":{"start":{"line":12,"column":8},"end":{"line":12,"column":37}},"6":{"start":{"line":13,"column":8},"end":{"line":13,"column":21}},"7":{"start":{"line":17,"column":27},"end":{"line":17,"column":63}},"8":{"start":{"line":18,"column":8},"end":{"line":20,"column":11}},"9":{"start":{"line":24,"column":27},"end":{"line":24,"column":63}},"10":{"start":{"line":25,"column":27},"end":{"line":25,"column":50}},"11":{"start":{"line":26,"column":8},"end":{"line":26,"column":26}},"12":{"start":{"line":31,"column":27},"end":{"line":31,"column":63}},"13":{"start":{"line":32,"column":8},"end":{"line":32,"column":37}},"14":{"start":{"line":36,"column":27},"end":{"line":36,"column":63}},"15":{"start":{"line":37,"column":8},"end":{"line":39,"column":11}},"16":{"start":{"line":40,"column":8},"end":{"line":40,"column":42}},"17":{"start":{"line":8,"column":21},"end":{"line":42,"column":null}},"18":{"start":{"line":8,"column":21},"end":{"line":8,"column":null}}},"fnMap":{"0":{"name":"(anonymous_9)","decl":{"start":{"line":10,"column":10},"end":{"line":10,"column":16}},"loc":{"start":{"line":10,"column":31},"end":{"line":14,"column":null}}},"1":{"name":"(anonymous_11)","decl":{"start":{"line":16,"column":10},"end":{"line":16,"column":14}},"loc":{"start":{"line":16,"column":25},"end":{"line":21,"column":null}}},"2":{"name":"(anonymous_13)","decl":{"start":{"line":23,"column":10},"end":{"line":23,"column":17}},"loc":{"start":{"line":23,"column":17},"end":{"line":28,"column":null}}},"3":{"name":"(anonymous_15)","decl":{"start":{"line":30,"column":10},"end":{"line":30,"column":16}},"loc":{"start":{"line":30,"column":31},"end":{"line":33,"column":null}}},"4":{"name":"(anonymous_17)","decl":{"start":{"line":35,"column":10},"end":{"line":35,"column":16}},"loc":{"start":{"line":35,"column":27},"end":{"line":41,"column":null}}}},"branchMap":{},"s":{"0":2,"1":2,"2":2,"3":2,"4":0,"5":0,"6":0,"7":0,"8":0,"9":0,"10":0,"11":0,"12":0,"13":0,"14":0,"15":0,"16":0,"17":2,"18":2},"f":{"0":0,"1":0,"2":0,"3":0,"4":0},"b":{}}
,"C:\\Users\\haap9\\Documents\\HAAP Documents\\Cursos\\JalaUniversity\\Backend\\Project_12-12-2022_Snake_API\\src\\domain\\entities\\board.ts": {"path":"C:\\Users\\haap9\\Documents\\HAAP Documents\\Cursos\\JalaUniversity\\Backend\\Project_12-12-2022_Snake_API\\src\\domain\\entities\\board.ts","statementMap":{"0":{"start":{"line":1,"column":0},"end":{"line":1,"column":21}}},"fnMap":{},"branchMap":{},"s":{"0":1},"f":{},"b":{}}
,"C:\\Users\\haap9\\Documents\\HAAP Documents\\Cursos\\JalaUniversity\\Backend\\Project_12-12-2022_Snake_API\\src\\domain\\entities\\food.ts": {"path":"C:\\Users\\haap9\\Documents\\HAAP Documents\\Cursos\\JalaUniversity\\Backend\\Project_12-12-2022_Snake_API\\src\\domain\\entities\\food.ts","statementMap":{"0":{"start":{"line":1,"column":0},"end":{"line":1,"column":21}}},"fnMap":{},"branchMap":{},"s":{"0":1},"f":{},"b":{}}
,"C:\\Users\\haap9\\Documents\\HAAP Documents\\Cursos\\JalaUniversity\\Backend\\Project_12-12-2022_Snake_API\\src\\inversify\\config.ts": {"path":"C:\\Users\\haap9\\Documents\\HAAP Documents\\Cursos\\JalaUniversity\\Backend\\Project_12-12-2022_Snake_API\\src\\inversify\\config.ts","statementMap":{"0":{"start":{"line":1,"column":0},"end":{"line":1,"column":26}},"1":{"start":{"line":2,"column":0},"end":{"line":2,"column":38}},"2":{"start":{"line":3,"column":0},"end":{"line":3,"column":66}},"3":{"start":{"line":5,"column":0},"end":{"line":5,"column":65}},"4":{"start":{"line":6,"column":0},"end":{"line":6,"column":66}},"5":{"start":{"line":8,"column":0},"end":{"line":8,"column":65}},"6":{"start":{"line":9,"column":0},"end":{"line":9,"column":64}},"7":{"start":{"line":11,"column":0},"end":{"line":11,"column":63}},"8":{"start":{"line":12,"column":0},"end":{"line":12,"column":64}},"9":{"start":{"line":14,"column":0},"end":{"line":14,"column":63}},"10":{"start":{"line":16,"column":18},"end":{"line":16,"column":33}},"11":{"start":{"line":27,"column":9},"end":{"line":27,"column":18}},"12":{"start":{"line":18,"column":0},"end":{"line":18,"column":65}},"13":{"start":{"line":19,"column":0},"end":{"line":19,"column":73}},"14":{"start":{"line":20,"column":0},"end":{"line":20,"column":65}},"15":{"start":{"line":21,"column":0},"end":{"line":21,"column":73}},"16":{"start":{"line":22,"column":0},"end":{"line":22,"column":62}},"17":{"start":{"line":23,"column":0},"end":{"line":23,"column":70}},"18":{"start":{"line":24,"column":0},"end":{"line":24,"column":62}},"19":{"start":{"line":25,"column":0},"end":{"line":25,"column":70}}},"fnMap":{},"branchMap":{},"s":{"0":2,"1":2,"2":2,"3":2,"4":2,"5":2,"6":2,"7":2,"8":2,"9":2,"10":2,"11":2,"12":2,"13":2,"14":2,"15":2,"16":2,"17":2,"18":2,"19":2},"f":{},"b":{}}
,"C:\\Users\\haap9\\Documents\\HAAP Documents\\Cursos\\JalaUniversity\\Backend\\Project_12-12-2022_Snake_API\\src\\services\\coreServices\\boardService.ts": {"path":"C:\\Users\\haap9\\Documents\\HAAP Documents\\Cursos\\JalaUniversity\\Backend\\Project_12-12-2022_Snake_API\\src\\services\\coreServices\\boardService.ts","statementMap":{"0":{"start":{"line":1,"column":0},"end":{"line":1,"column":39}},"1":{"start":{"line":4,"column":0},"end":{"line":4,"column":51}},"2":{"start":{"line":7,"column":15},"end":{"line":25,"column":null}},"3":{"start":{"line":9,"column":0},"end":{"line":9,"column":87}},"4":{"start":{"line":12,"column":19},"end":{"line":12,"column":60}},"5":{"start":{"line":13,"column":4},"end":{"line":13,"column":18}},"6":{"start":{"line":17,"column":17},"end":{"line":17,"column":53}},"7":{"start":{"line":18,"column":4},"end":{"line":18,"column":16}},"8":{"start":{"line":22,"column":19},"end":{"line":22,"column":57}},"9":{"start":{"line":23,"column":4},"end":{"line":23,"column":18}},"10":{"start":{"line":7,"column":21},"end":{"line":25,"column":null}},"11":{"start":{"line":7,"column":21},"end":{"line":7,"column":null}}},"fnMap":{"0":{"name":"(anonymous_8)","decl":{"start":{"line":7,"column":15},"end":{"line":7,"column":21}},"loc":{"start":{"line":7,"column":15},"end":{"line":25,"column":1}}},"1":{"name":"(anonymous_9)","decl":{"start":{"line":11,"column":8},"end":{"line":11,"column":14}},"loc":{"start":{"line":11,"column":27},"end":{"line":14,"column":null}}},"2":{"name":"(anonymous_11)","decl":{"start":{"line":16,"column":8},"end":{"line":16,"column":12}},"loc":{"start":{"line":16,"column":23},"end":{"line":19,"column":null}}},"3":{"name":"(anonymous_13)","decl":{"start":{"line":21,"column":8},"end":{"line":21,"column":14}},"loc":{"start":{"line":21,"column":25},"end":{"line":24,"column":null}}}},"branchMap":{},"s":{"0":2,"1":2,"2":2,"3":2,"4":0,"5":0,"6":1,"7":0,"8":0,"9":0,"10":2,"11":2},"f":{"0":2,"1":0,"2":1,"3":0},"b":{}}
,"C:\\Users\\haap9\\Documents\\HAAP Documents\\Cursos\\JalaUniversity\\Backend\\Project_12-12-2022_Snake_API\\src\\services\\coreServices\\foodService.ts": {"path":"C:\\Users\\haap9\\Documents\\HAAP Documents\\Cursos\\JalaUniversity\\Backend\\Project_12-12-2022_Snake_API\\src\\services\\coreServices\\foodService.ts","statementMap":{"0":{"start":{"line":1,"column":0},"end":{"line":1,"column":39}},"1":{"start":{"line":3,"column":0},"end":{"line":3,"column":51}},"2":{"start":{"line":7,"column":15},"end":{"line":30,"column":null}},"3":{"start":{"line":9,"column":0},"end":{"line":9,"column":83}},"4":{"start":{"line":12,"column":19},"end":{"line":12,"column":58}},"5":{"start":{"line":13,"column":4},"end":{"line":13,"column":18}},"6":{"start":{"line":17,"column":17},"end":{"line":17,"column":52}},"7":{"start":{"line":18,"column":4},"end":{"line":18,"column":16}},"8":{"start":{"line":22,"column":19},"end":{"line":22,"column":58}},"9":{"start":{"line":23,"column":4},"end":{"line":23,"column":18}},"10":{"start":{"line":27,"column":19},"end":{"line":27,"column":56}},"11":{"start":{"line":28,"column":4},"end":{"line":28,"column":18}},"12":{"start":{"line":7,"column":21},"end":{"line":30,"column":null}},"13":{"start":{"line":7,"column":21},"end":{"line":7,"column":null}}},"fnMap":{"0":{"name":"(anonymous_8)","decl":{"start":{"line":7,"column":15},"end":{"line":7,"column":21}},"loc":{"start":{"line":7,"column":15},"end":{"line":30,"column":1}}},"1":{"name":"(anonymous_9)","decl":{"start":{"line":11,"column":8},"end":{"line":11,"column":14}},"loc":{"start":{"line":11,"column":25},"end":{"line":14,"column":null}}},"2":{"name":"(anonymous_11)","decl":{"start":{"line":16,"column":8},"end":{"line":16,"column":12}},"loc":{"start":{"line":16,"column":23},"end":{"line":19,"column":null}}},"3":{"name":"(anonymous_13)","decl":{"start":{"line":21,"column":8},"end":{"line":21,"column":14}},"loc":{"start":{"line":21,"column":25},"end":{"line":24,"column":null}}},"4":{"name":"(anonymous_15)","decl":{"start":{"line":26,"column":8},"end":{"line":26,"column":14}},"loc":{"start":{"line":26,"column":25},"end":{"line":29,"column":null}}}},"branchMap":{},"s":{"0":2,"1":2,"2":2,"3":2,"4":0,"5":0,"6":1,"7":0,"8":0,"9":0,"10":0,"11":0,"12":2,"13":2},"f":{"0":2,"1":0,"2":1,"3":0,"4":0},"b":{}}
,"C:\\Users\\haap9\\Documents\\HAAP Documents\\Cursos\\JalaUniversity\\Backend\\Project_12-12-2022_Snake_API\\src\\services\\coreServices\\gameService.ts": {"path":"C:\\Users\\haap9\\Documents\\HAAP Documents\\Cursos\\JalaUniversity\\Backend\\Project_12-12-2022_Snake_API\\src\\services\\coreServices\\gameService.ts","statementMap":{"0":{"start":{"line":1,"column":0},"end":{"line":1,"column":39}},"1":{"start":{"line":3,"column":0},"end":{"line":3,"column":51}},"2":{"start":{"line":7,"column":15},"end":{"line":30,"column":null}},"3":{"start":{"line":8,"column":2},"end":{"line":9,"column":53}},"4":{"start":{"line":12,"column":19},"end":{"line":12,"column":58}},"5":{"start":{"line":13,"column":4},"end":{"line":13,"column":18}},"6":{"start":{"line":17,"column":17},"end":{"line":17,"column":52}},"7":{"start":{"line":18,"column":4},"end":{"line":18,"column":16}},"8":{"start":{"line":22,"column":19},"end":{"line":22,"column":58}},"9":{"start":{"line":23,"column":4},"end":{"line":23,"column":18}},"10":{"start":{"line":27,"column":19},"end":{"line":27,"column":56}},"11":{"start":{"line":28,"column":4},"end":{"line":28,"column":18}},"12":{"start":{"line":7,"column":21},"end":{"line":30,"column":null}},"13":{"start":{"line":7,"column":21},"end":{"line":7,"column":null}}},"fnMap":{"0":{"name":"(anonymous_8)","decl":{"start":{"line":7,"column":15},"end":{"line":7,"column":21}},"loc":{"start":{"line":7,"column":15},"end":{"line":30,"column":1}}},"1":{"name":"(anonymous_9)","decl":{"start":{"line":11,"column":8},"end":{"line":11,"column":14}},"loc":{"start":{"line":11,"column":25},"end":{"line":14,"column":null}}},"2":{"name":"(anonymous_11)","decl":{"start":{"line":16,"column":8},"end":{"line":16,"column":12}},"loc":{"start":{"line":16,"column":23},"end":{"line":19,"column":null}}},"3":{"name":"(anonymous_13)","decl":{"start":{"line":21,"column":8},"end":{"line":21,"column":14}},"loc":{"start":{"line":21,"column":25},"end":{"line":24,"column":null}}},"4":{"name":"(anonymous_15)","decl":{"start":{"line":26,"column":8},"end":{"line":26,"column":14}},"loc":{"start":{"line":26,"column":25},"end":{"line":29,"column":null}}}},"branchMap":{},"s":{"0":2,"1":2,"2":2,"3":0,"4":0,"5":0,"6":0,"7":0,"8":0,"9":0,"10":0,"11":0,"12":2,"13":2},"f":{"0":0,"1":0,"2":0,"3":0,"4":0},"b":{}}
,"C:\\Users\\haap9\\Documents\\HAAP Documents\\Cursos\\JalaUniversity\\Backend\\Project_12-12-2022_Snake_API\\src\\services\\coreServices\\snakeService.ts": {"path":"C:\\Users\\haap9\\Documents\\HAAP Documents\\Cursos\\JalaUniversity\\Backend\\Project_12-12-2022_Snake_API\\src\\services\\coreServices\\snakeService.ts","statementMap":{"0":{"start":{"line":1,"column":0},"end":{"line":1,"column":39}},"1":{"start":{"line":3,"column":0},"end":{"line":3,"column":51}},"2":{"start":{"line":7,"column":15},"end":{"line":35,"column":null}},"3":{"start":{"line":8,"column":2},"end":{"line":9,"column":55}},"4":{"start":{"line":12,"column":19},"end":{"line":12,"column":60}},"5":{"start":{"line":13,"column":4},"end":{"line":13,"column":18}},"6":{"start":{"line":17,"column":17},"end":{"line":17,"column":53}},"7":{"start":{"line":18,"column":4},"end":{"line":18,"column":16}},"8":{"start":{"line":22,"column":17},"end":{"line":22,"column":54}},"9":{"start":{"line":23,"column":4},"end":{"line":23,"column":16}},"10":{"start":{"line":27,"column":19},"end":{"line":27,"column":60}},"11":{"start":{"line":28,"column":4},"end":{"line":28,"column":18}},"12":{"start":{"line":32,"column":19},"end":{"line":32,"column":57}},"13":{"start":{"line":33,"column":4},"end":{"line":33,"column":18}},"14":{"start":{"line":7,"column":21},"end":{"line":35,"column":null}},"15":{"start":{"line":7,"column":21},"end":{"line":7,"column":null}}},"fnMap":{"0":{"name":"(anonymous_8)","decl":{"start":{"line":7,"column":15},"end":{"line":7,"column":21}},"loc":{"start":{"line":7,"column":15},"end":{"line":35,"column":1}}},"1":{"name":"(anonymous_9)","decl":{"start":{"line":11,"column":8},"end":{"line":11,"column":14}},"loc":{"start":{"line":11,"column":27},"end":{"line":14,"column":null}}},"2":{"name":"(anonymous_11)","decl":{"start":{"line":16,"column":8},"end":{"line":16,"column":12}},"loc":{"start":{"line":16,"column":23},"end":{"line":19,"column":null}}},"3":{"name":"(anonymous_13)","decl":{"start":{"line":21,"column":8},"end":{"line":21,"column":15}},"loc":{"start":{"line":21,"column":15},"end":{"line":24,"column":null}}},"4":{"name":"(anonymous_15)","decl":{"start":{"line":26,"column":8},"end":{"line":26,"column":14}},"loc":{"start":{"line":26,"column":27},"end":{"line":29,"column":null}}},"5":{"name":"(anonymous_17)","decl":{"start":{"line":31,"column":8},"end":{"line":31,"column":14}},"loc":{"start":{"line":31,"column":25},"end":{"line":34,"column":null}}}},"branchMap":{},"s":{"0":2,"1":2,"2":2,"3":0,"4":0,"5":0,"6":0,"7":0,"8":0,"9":0,"10":0,"11":0,"12":0,"13":0,"14":2,"15":2},"f":{"0":0,"1":0,"2":0,"3":0,"4":0,"5":0},"b":{}}
,"C:\\Users\\haap9\\Documents\\HAAP Documents\\Cursos\\JalaUniversity\\Backend\\Project_12-12-2022_Snake_API\\src\\services\\factories\\createBoard.ts": {"path":"C:\\Users\\haap9\\Documents\\HAAP Documents\\Cursos\\JalaUniversity\\Backend\\Project_12-12-2022_Snake_API\\src\\services\\factories\\createBoard.ts","statementMap":{"0":{"start":{"line":1,"column":0},"end":{"line":1,"column":48}},"1":{"start":{"line":5,"column":18},"end":{"line":5,"column":29}},"2":{"start":{"line":6,"column":4},"end":{"line":6,"column":28}},"3":{"start":{"line":7,"column":4},"end":{"line":7,"column":28}},"4":{"start":{"line":8,"column":4},"end":{"line":8,"column":17}},"5":{"start":{"line":3,"column":0},"end":{"line":3,"column":21}}},"fnMap":{"0":{"name":"(anonymous_1)","decl":{"start":{"line":4,"column":2},"end":{"line":4,"column":13}},"loc":{"start":{"line":4,"column":31},"end":{"line":9,"column":3}}}},"branchMap":{},"s":{"0":1,"1":1,"2":1,"3":1,"4":1,"5":1},"f":{"0":1},"b":{}}
,"C:\\Users\\haap9\\Documents\\HAAP Documents\\Cursos\\JalaUniversity\\Backend\\Project_12-12-2022_Snake_API\\src\\services\\factories\\createFood.ts": {"path":"C:\\Users\\haap9\\Documents\\HAAP Documents\\Cursos\\JalaUniversity\\Backend\\Project_12-12-2022_Snake_API\\src\\services\\factories\\createFood.ts","statementMap":{"0":{"start":{"line":1,"column":0},"end":{"line":1,"column":46}},"1":{"start":{"line":2,"column":0},"end":{"line":2,"column":56}},"2":{"start":{"line":6,"column":17},"end":{"line":6,"column":27}},"3":{"start":{"line":7,"column":20},"end":{"line":7,"column":58}},"4":{"start":{"line":8,"column":20},"end":{"line":8,"column":58}},"5":{"start":{"line":10,"column":4},"end":{"line":10,"column":36}},"6":{"start":{"line":11,"column":4},"end":{"line":11,"column":36}},"7":{"start":{"line":13,"column":4},"end":{"line":13,"column":16}},"8":{"start":{"line":4,"column":0},"end":{"line":4,"column":21}}},"fnMap":{"0":{"name":"(anonymous_1)","decl":{"start":{"line":5,"column":2},"end":{"line":5,"column":12}},"loc":{"start":{"line":5,"column":30},"end":{"line":14,"column":3}}}},"branchMap":{},"s":{"0":1,"1":1,"2":1,"3":1,"4":1,"5":1,"6":1,"7":1,"8":1},"f":{"0":1},"b":{}}
,"C:\\Users\\haap9\\Documents\\HAAP Documents\\Cursos\\JalaUniversity\\Backend\\Project_12-12-2022_Snake_API\\src\\services\\factories\\randomNumberService.ts": {"path":"C:\\Users\\haap9\\Documents\\HAAP Documents\\Cursos\\JalaUniversity\\Backend\\Project_12-12-2022_Snake_API\\src\\services\\factories\\randomNumberService.ts","statementMap":{"0":{"start":{"line":3,"column":24},"end":{"line":3,"column":34}},"1":{"start":{"line":4,"column":63},"end":{"line":11,"column":6}},"2":{"start":{"line":12,"column":25},"end":{"line":14,"column":18}},"3":{"start":{"line":16,"column":4},"end":{"line":16,"column":43}},"4":{"start":{"line":1,"column":0},"end":{"line":1,"column":21}}},"fnMap":{"0":{"name":"(anonymous_0)","decl":{"start":{"line":2,"column":2},"end":{"line":2,"column":14}},"loc":{"start":{"line":2,"column":31},"end":{"line":17,"column":3}}}},"branchMap":{},"s":{"0":2,"1":2,"2":2,"3":2,"4":1},"f":{"0":2},"b":{}}
}
