TN:
SF:src\db\db-source.ts
FNF:0
FNH:0
DA:1,5
DA:2,5
DA:3,5
DA:4,5
DA:5,5
DA:7,5
LF:6
LH:6
BRF:0
BRH:0
end_of_record
TN:
SF:src\db\dbEntities\db-board.ts
FNF:0
FNH:0
DA:1,5
DA:5,5
DA:7,5
DA:10,5
DA:13,5
LF:5
LH:5
BRF:0
BRH:0
end_of_record
TN:
SF:src\db\dbEntities\db-food.ts
FNF:0
FNH:0
DA:1,5
DA:5,5
DA:7,5
DA:10,5
DA:13,5
LF:5
LH:5
BRF:0
BRH:0
end_of_record
TN:
SF:src\db\dbEntities\db-game.ts
FNF:0
FNH:0
DA:1,5
DA:5,5
DA:7,5
DA:10,5
DA:13,5
DA:16,5
LF:6
LH:6
BRF:0
BRH:0
end_of_record
TN:
SF:src\db\dbEntities\db-snake.ts
FNF:0
FNH:0
DA:1,5
DA:5,5
DA:7,5
DA:10,5
DA:13,5
DA:16,5
DA:19,5
DA:22,5
DA:25,5
DA:28,5
LF:10
LH:10
BRF:0
BRH:0
end_of_record
TN:
SF:src\db\dbServices\db-board-services.ts
FN:9,(anonymous_9)
FN:15,(anonymous_11)
FN:22,(anonymous_13)
FNF:3
FNH:1
FNDA:0,(anonymous_9)
FNDA:1,(anonymous_11)
FNDA:0,(anonymous_13)
DA:1,5
DA:2,5
DA:4,5
DA:7,5
DA:10,0
DA:11,0
DA:12,0
DA:16,1
DA:17,1
DA:23,0
DA:24,0
DA:27,0
LF:12
LH:6
BRF:0
BRH:0
end_of_record
TN:
SF:src\db\dbServices\db-food-services.ts
FN:9,(anonymous_9)
FN:15,(anonymous_11)
FN:22,(anonymous_13)
FN:27,(anonymous_15)
FNF:4
FNH:1
FNDA:0,(anonymous_9)
FNDA:1,(anonymous_11)
FNDA:0,(anonymous_13)
FNDA:0,(anonymous_15)
DA:1,5
DA:2,5
DA:4,5
DA:7,5
DA:10,0
DA:11,0
DA:12,0
DA:16,1
DA:17,1
DA:23,0
DA:24,0
DA:28,0
DA:29,0
DA:32,0
LF:14
LH:6
BRF:0
BRH:0
end_of_record
TN:
SF:src\db\dbServices\db-game-services.ts
FN:8,(anonymous_9)
FN:14,(anonymous_11)
FN:21,(anonymous_13)
FN:26,(anonymous_15)
FNF:4
FNH:1
FNDA:0,(anonymous_9)
FNDA:1,(anonymous_11)
FNDA:0,(anonymous_13)
FNDA:0,(anonymous_15)
DA:1,5
DA:2,5
DA:4,5
DA:7,5
DA:9,0
DA:10,0
DA:11,0
DA:15,1
DA:16,1
DA:22,0
DA:23,0
DA:27,0
DA:28,0
DA:31,0
LF:14
LH:6
BRF:0
BRH:0
end_of_record
TN:
SF:src\db\dbServices\db-snake-services.ts
FN:10,(anonymous_9)
FN:16,(anonymous_11)
FN:23,(anonymous_13)
FN:30,(anonymous_15)
FN:35,(anonymous_17)
FNF:5
FNH:1
FNDA:0,(anonymous_9)
FNDA:1,(anonymous_11)
FNDA:0,(anonymous_13)
FNDA:0,(anonymous_15)
FNDA:0,(anonymous_17)
DA:1,5
DA:2,5
DA:4,5
DA:8,5
DA:11,0
DA:12,0
DA:13,0
DA:17,1
DA:18,1
DA:24,0
DA:25,0
DA:26,0
DA:31,0
DA:32,0
DA:36,0
DA:37,0
DA:40,0
LF:17
LH:6
BRF:0
BRH:0
end_of_record
TN:
SF:src\domain\entities\board.ts
FNF:0
FNH:0
DA:1,1
LF:1
LH:1
BRF:0
BRH:0
end_of_record
TN:
SF:src\domain\entities\food.ts
FNF:0
FNH:0
DA:1,1
LF:1
LH:1
BRF:0
BRH:0
end_of_record
TN:
SF:src\domain\entities\game.ts
FNF:0
FNH:0
DA:1,1
LF:1
LH:1
BRF:0
BRH:0
end_of_record
TN:
SF:src\domain\entities\snake.ts
FNF:0
FNH:0
DA:1,1
LF:1
LH:1
BRF:0
BRH:0
end_of_record
TN:
SF:src\inversify\config.ts
FNF:0
FNH:0
DA:1,5
DA:2,5
DA:3,5
DA:5,5
DA:6,5
DA:8,5
DA:9,5
DA:11,5
DA:12,5
DA:14,5
DA:16,5
DA:18,5
DA:19,5
DA:20,5
DA:21,5
DA:22,5
DA:23,5
DA:24,5
DA:25,5
DA:27,5
LF:20
LH:20
BRF:0
BRH:0
end_of_record
TN:
SF:src\services\snakeRandomDirectionService.ts
FN:5,(anonymous_1)
FNF:1
FNH:1
FNDA:4,(anonymous_1)
DA:1,2
DA:2,2
DA:4,2
DA:6,4
DA:7,4
DA:8,4
DA:10,4
LF:7
LH:7
BRF:0
BRH:0
end_of_record
TN:
SF:src\services\coreServices\boardService.ts
FN:7,(anonymous_8)
FN:11,(anonymous_9)
FN:16,(anonymous_11)
FN:21,(anonymous_13)
FNF:4
FNH:2
FNDA:3,(anonymous_8)
FNDA:0,(anonymous_9)
FNDA:1,(anonymous_11)
FNDA:0,(anonymous_13)
DA:1,5
DA:4,5
DA:7,5
DA:9,3
DA:12,0
DA:13,0
DA:17,1
DA:18,0
DA:22,0
DA:23,0
LF:10
LH:5
BRF:0
BRH:0
end_of_record
TN:
SF:src\services\coreServices\foodService.ts
FN:7,(anonymous_8)
FN:11,(anonymous_9)
FN:16,(anonymous_11)
FN:21,(anonymous_13)
FN:26,(anonymous_15)
FNF:5
FNH:2
FNDA:3,(anonymous_8)
FNDA:0,(anonymous_9)
FNDA:1,(anonymous_11)
FNDA:0,(anonymous_13)
FNDA:0,(anonymous_15)
DA:1,5
DA:3,5
DA:7,5
DA:9,3
DA:12,0
DA:13,0
DA:17,1
DA:18,0
DA:22,0
DA:23,0
DA:27,0
DA:28,0
LF:12
LH:5
BRF:0
BRH:0
end_of_record
TN:
SF:src\services\coreServices\gameService.ts
FN:7,(anonymous_8)
FN:11,(anonymous_9)
FN:16,(anonymous_11)
FN:21,(anonymous_13)
FN:26,(anonymous_15)
FNF:5
FNH:2
FNDA:4,(anonymous_8)
FNDA:0,(anonymous_9)
FNDA:1,(anonymous_11)
FNDA:0,(anonymous_13)
FNDA:0,(anonymous_15)
DA:1,5
DA:3,5
DA:7,5
DA:8,4
DA:12,0
DA:13,0
DA:17,1
DA:18,0
DA:22,0
DA:23,0
DA:27,0
DA:28,0
LF:12
LH:5
BRF:0
BRH:0
end_of_record
TN:
SF:src\services\coreServices\snakeService.ts
FN:7,(anonymous_8)
FN:11,(anonymous_9)
FN:16,(anonymous_11)
FN:21,(anonymous_13)
FN:26,(anonymous_15)
FN:31,(anonymous_17)
FNF:6
FNH:2
FNDA:4,(anonymous_8)
FNDA:0,(anonymous_9)
FNDA:1,(anonymous_11)
FNDA:0,(anonymous_13)
FNDA:0,(anonymous_15)
FNDA:0,(anonymous_17)
DA:1,5
DA:3,5
DA:7,5
DA:8,4
DA:12,0
DA:13,0
DA:17,1
DA:18,0
DA:22,0
DA:23,0
DA:27,0
DA:28,0
DA:32,0
DA:33,0
LF:14
LH:5
BRF:0
BRH:0
end_of_record
TN:
SF:src\services\factories\createBoard.ts
FN:4,(anonymous_1)
FNF:1
FNH:1
FNDA:2,(anonymous_1)
DA:1,1
DA:3,1
DA:5,2
DA:6,2
DA:7,2
DA:8,2
LF:6
LH:6
BRF:0
BRH:0
end_of_record
TN:
SF:src\services\factories\createFood.ts
FN:5,(anonymous_1)
FNF:1
FNH:1
FNDA:2,(anonymous_1)
DA:1,1
DA:2,1
DA:4,1
DA:6,2
DA:7,2
DA:8,2
DA:10,2
DA:11,2
DA:13,2
LF:9
LH:9
BRF:0
BRH:0
end_of_record
TN:
SF:src\services\factories\createGame.ts
FN:5,(anonymous_1)
FNF:1
FNH:1
FNDA:3,(anonymous_1)
DA:1,1
DA:3,1
DA:7,3
DA:9,3
DA:10,3
DA:11,3
DA:13,3
LF:7
LH:7
BRF:0
BRH:0
end_of_record
TN:
SF:src\services\factories\createGameBoard.ts
FN:7,(anonymous_7)
FN:10,(anonymous_8)
FN:11,(anonymous_9)
FN:17,(anonymous_10)
FN:18,(anonymous_11)
FN:19,(anonymous_12)
FN:25,(anonymous_13)
FN:34,(anonymous_14)
FN:43,(anonymous_15)
FN:52,(anonymous_17)
FNF:10
FNH:3
FNDA:1,(anonymous_7)
FNDA:5,(anonymous_8)
FNDA:25,(anonymous_9)
FNDA:0,(anonymous_10)
FNDA:0,(anonymous_11)
FNDA:0,(anonymous_12)
FNDA:0,(anonymous_13)
FNDA:0,(anonymous_14)
FNDA:0,(anonymous_15)
FNDA:0,(anonymous_17)
DA:5,1
DA:6,1
DA:8,1
DA:10,1
DA:11,25
DA:14,1
DA:18,0
DA:19,0
DA:22,0
DA:26,0
DA:27,0
DA:28,0
DA:29,0
DA:31,0
DA:35,0
DA:36,0
DA:37,0
DA:38,0
DA:40,0
DA:47,0
DA:48,0
DA:49,0
DA:50,0
DA:52,0
DA:53,0
DA:54,0
DA:55,0
DA:58,0
LF:28
LH:6
BRF:0
BRH:0
end_of_record
TN:
SF:src\services\factories\createSnake.ts
FN:6,(anonymous_1)
FNF:1
FNH:1
FNDA:3,(anonymous_1)
DA:1,1
DA:2,1
DA:3,1
DA:5,1
DA:7,3
DA:9,3
DA:10,3
DA:11,3
DA:13,3
DA:14,3
DA:15,3
DA:16,3
DA:17,3
DA:18,3
DA:19,3
DA:21,3
LF:16
LH:16
BRF:0
BRH:0
end_of_record
TN:
SF:src\services\factories\randomNumberService.ts
FN:2,(anonymous_0)
FNF:1
FNH:1
FNDA:17,(anonymous_0)
DA:1,4
DA:3,17
DA:4,17
DA:12,17
DA:16,17
LF:5
LH:5
BRF:0
BRH:0
end_of_record
TN:
SF:src\services\factories\snakeDirectionConstant.ts
FNF:0
FNH:0
DA:2,2
DA:3,2
DA:4,2
DA:5,2
LF:4
LH:4
BRF:0
BRH:0
end_of_record
