TN:
SF:src\db\db-source.ts
FNF:0
FNH:0
DA:1,2
DA:2,2
DA:3,2
DA:4,2
DA:5,2
DA:7,2
LF:6
LH:6
BRF:0
BRH:0
end_of_record
TN:
SF:src\db\dbEntities\db-board.ts
FNF:0
FNH:0
DA:1,2
DA:5,2
DA:7,2
DA:10,2
DA:13,2
LF:5
LH:5
BRF:0
BRH:0
end_of_record
TN:
SF:src\db\dbEntities\db-food.ts
FNF:0
FNH:0
DA:1,2
DA:5,2
DA:7,2
DA:10,2
DA:13,2
LF:5
LH:5
BRF:0
BRH:0
end_of_record
TN:
SF:src\db\dbEntities\db-game.ts
FNF:0
FNH:0
DA:1,2
DA:5,2
DA:7,2
DA:10,2
DA:13,2
DA:16,2
LF:6
LH:6
BRF:0
BRH:0
end_of_record
TN:
SF:src\db\dbEntities\db-snake.ts
FNF:0
FNH:0
DA:1,2
DA:5,2
DA:7,2
DA:10,2
DA:13,2
DA:16,2
DA:19,2
DA:22,2
DA:25,2
DA:28,2
LF:10
LH:10
BRF:0
BRH:0
end_of_record
TN:
SF:src\db\dbServices\db-board-services.ts
FN:9,(anonymous_9)
FN:15,(anonymous_11)
FN:22,(anonymous_13)
FNF:3
FNH:1
FNDA:0,(anonymous_9)
FNDA:1,(anonymous_11)
FNDA:0,(anonymous_13)
DA:1,2
DA:2,2
DA:4,2
DA:7,2
DA:10,0
DA:11,0
DA:12,0
DA:16,1
DA:17,1
DA:23,0
DA:24,0
DA:27,0
LF:12
LH:6
BRF:0
BRH:0
end_of_record
TN:
SF:src\db\dbServices\db-food-services.ts
FN:9,(anonymous_9)
FN:15,(anonymous_11)
FN:22,(anonymous_13)
FN:27,(anonymous_15)
FNF:4
FNH:1
FNDA:0,(anonymous_9)
FNDA:1,(anonymous_11)
FNDA:0,(anonymous_13)
FNDA:0,(anonymous_15)
DA:1,2
DA:2,2
DA:4,2
DA:7,2
DA:10,0
DA:11,0
DA:12,0
DA:16,1
DA:17,1
DA:23,0
DA:24,0
DA:28,0
DA:29,0
DA:32,0
LF:14
LH:6
BRF:0
BRH:0
end_of_record
TN:
SF:src\db\dbServices\db-game-services.ts
FN:8,(anonymous_9)
FN:14,(anonymous_11)
FN:21,(anonymous_13)
FN:26,(anonymous_15)
FNF:4
FNH:0
FNDA:0,(anonymous_9)
FNDA:0,(anonymous_11)
FNDA:0,(anonymous_13)
FNDA:0,(anonymous_15)
DA:1,2
DA:2,2
DA:4,2
DA:7,2
DA:9,0
DA:10,0
DA:11,0
DA:15,0
DA:16,0
DA:22,0
DA:23,0
DA:27,0
DA:28,0
DA:31,0
LF:14
LH:4
BRF:0
BRH:0
end_of_record
TN:
SF:src\db\dbServices\db-snake-services.ts
FN:10,(anonymous_9)
FN:16,(anonymous_11)
FN:23,(anonymous_13)
FN:30,(anonymous_15)
FN:35,(anonymous_17)
FNF:5
FNH:0
FNDA:0,(anonymous_9)
FNDA:0,(anonymous_11)
FNDA:0,(anonymous_13)
FNDA:0,(anonymous_15)
FNDA:0,(anonymous_17)
DA:1,2
DA:2,2
DA:4,2
DA:8,2
DA:11,0
DA:12,0
DA:13,0
DA:17,0
DA:18,0
DA:24,0
DA:25,0
DA:26,0
DA:31,0
DA:32,0
DA:36,0
DA:37,0
DA:40,0
LF:17
LH:4
BRF:0
BRH:0
end_of_record
TN:
SF:src\domain\entities\board.ts
FNF:0
FNH:0
DA:1,1
LF:1
LH:1
BRF:0
BRH:0
end_of_record
TN:
SF:src\domain\entities\food.ts
FNF:0
FNH:0
DA:1,1
LF:1
LH:1
BRF:0
BRH:0
end_of_record
TN:
SF:src\inversify\config.ts
FNF:0
FNH:0
DA:1,2
DA:2,2
DA:3,2
DA:5,2
DA:6,2
DA:8,2
DA:9,2
DA:11,2
DA:12,2
DA:14,2
DA:16,2
DA:18,2
DA:19,2
DA:20,2
DA:21,2
DA:22,2
DA:23,2
DA:24,2
DA:25,2
DA:27,2
LF:20
LH:20
BRF:0
BRH:0
end_of_record
TN:
SF:src\services\coreServices\boardService.ts
FN:7,(anonymous_8)
FN:11,(anonymous_9)
FN:16,(anonymous_11)
FN:21,(anonymous_13)
FNF:4
FNH:2
FNDA:2,(anonymous_8)
FNDA:0,(anonymous_9)
FNDA:1,(anonymous_11)
FNDA:0,(anonymous_13)
DA:1,2
DA:4,2
DA:7,2
DA:9,2
DA:12,0
DA:13,0
DA:17,1
DA:18,0
DA:22,0
DA:23,0
LF:10
LH:5
BRF:0
BRH:0
end_of_record
TN:
SF:src\services\coreServices\foodService.ts
FN:7,(anonymous_8)
FN:11,(anonymous_9)
FN:16,(anonymous_11)
FN:21,(anonymous_13)
FN:26,(anonymous_15)
FNF:5
FNH:2
FNDA:3,(anonymous_8)
FNDA:0,(anonymous_9)
FNDA:1,(anonymous_11)
FNDA:0,(anonymous_13)
FNDA:0,(anonymous_15)
DA:1,2
DA:3,2
DA:7,2
DA:9,3
DA:12,0
DA:13,0
DA:17,1
DA:18,0
DA:22,0
DA:23,0
DA:27,0
DA:28,0
LF:12
LH:5
BRF:0
BRH:0
end_of_record
TN:
SF:src\services\coreServices\gameService.ts
FN:7,(anonymous_8)
FN:11,(anonymous_9)
FN:16,(anonymous_11)
FN:21,(anonymous_13)
FN:26,(anonymous_15)
FNF:5
FNH:0
FNDA:0,(anonymous_8)
FNDA:0,(anonymous_9)
FNDA:0,(anonymous_11)
FNDA:0,(anonymous_13)
FNDA:0,(anonymous_15)
DA:1,2
DA:3,2
DA:7,2
DA:8,0
DA:12,0
DA:13,0
DA:17,0
DA:18,0
DA:22,0
DA:23,0
DA:27,0
DA:28,0
LF:12
LH:3
BRF:0
BRH:0
end_of_record
TN:
SF:src\services\coreServices\snakeService.ts
FN:7,(anonymous_8)
FN:11,(anonymous_9)
FN:16,(anonymous_11)
FN:21,(anonymous_13)
FN:26,(anonymous_15)
FN:31,(anonymous_17)
FNF:6
FNH:0
FNDA:0,(anonymous_8)
FNDA:0,(anonymous_9)
FNDA:0,(anonymous_11)
FNDA:0,(anonymous_13)
FNDA:0,(anonymous_15)
FNDA:0,(anonymous_17)
DA:1,2
DA:3,2
DA:7,2
DA:8,0
DA:12,0
DA:13,0
DA:17,0
DA:18,0
DA:22,0
DA:23,0
DA:27,0
DA:28,0
DA:32,0
DA:33,0
LF:14
LH:3
BRF:0
BRH:0
end_of_record
TN:
SF:src\services\factories\createBoard.ts
FN:4,(anonymous_1)
FNF:1
FNH:1
FNDA:1,(anonymous_1)
DA:1,1
DA:3,1
DA:5,1
DA:6,1
DA:7,1
DA:8,1
LF:6
LH:6
BRF:0
BRH:0
end_of_record
TN:
SF:src\services\factories\createFood.ts
FN:5,(anonymous_1)
FNF:1
FNH:1
FNDA:2,(anonymous_1)
DA:1,1
DA:2,1
DA:4,1
DA:6,2
DA:7,2
DA:8,2
DA:10,2
DA:11,2
DA:13,2
LF:9
LH:9
BRF:0
BRH:0
end_of_record
TN:
SF:src\services\factories\randomNumberService.ts
FN:2,(anonymous_0)
FNF:1
FNH:1
FNDA:4,(anonymous_0)
DA:1,1
DA:3,4
DA:4,4
DA:12,4
DA:16,4
LF:5
LH:5
BRF:0
BRH:0
end_of_record
