<?xml version="1.0" encoding="UTF-8"?>
<coverage generated="1669944138062" clover="3.2.0">
  <project timestamp="1669944138063" name="All files">
    <metrics statements="14" coveredstatements="13" conditionals="0" coveredconditionals="0" methods="5" coveredmethods="4" elements="19" coveredelements="17" complexity="0" loc="14" ncloc="14" packages="1" files="4" classes="4"/>
    <file name="king.ts" path="C:\Users\haap9\Documents\HAAP Documents\Cursos\JalaUniversity\Backend\Homework_1-12-2022_Gameboard\src\king.ts">
      <metrics statements="3" coveredstatements="3" conditionals="0" coveredconditionals="0" methods="1" coveredmethods="1"/>
      <line num="1" count="1" type="stmt"/>
      <line num="4" count="1" type="stmt"/>
      <line num="6" count="4" type="stmt"/>
    </file>
    <file name="piece.ts" path="C:\Users\haap9\Documents\HAAP Documents\Cursos\JalaUniversity\Backend\Homework_1-12-2022_Gameboard\src\piece.ts">
      <metrics statements="5" coveredstatements="4" conditionals="0" coveredconditionals="0" methods="2" coveredmethods="1"/>
      <line num="1" count="1" type="stmt"/>
      <line num="4" count="1" type="stmt"/>
      <line num="7" count="18" type="stmt"/>
      <line num="11" count="18" type="stmt"/>
      <line num="15" count="0" type="stmt"/>
    </file>
    <file name="position.ts" path="C:\Users\haap9\Documents\HAAP Documents\Cursos\JalaUniversity\Backend\Homework_1-12-2022_Gameboard\src\position.ts">
      <metrics statements="3" coveredstatements="3" conditionals="0" coveredconditionals="0" methods="1" coveredmethods="1"/>
      <line num="3" count="1" type="stmt"/>
      <line num="5" count="27" type="stmt"/>
      <line num="6" count="27" type="stmt"/>
    </file>
    <file name="queen.ts" path="C:\Users\haap9\Documents\HAAP Documents\Cursos\JalaUniversity\Backend\Homework_1-12-2022_Gameboard\src\queen.ts">
      <metrics statements="3" coveredstatements="3" conditionals="0" coveredconditionals="0" methods="1" coveredmethods="1"/>
      <line num="1" count="1" type="stmt"/>
      <line num="4" count="1" type="stmt"/>
      <line num="6" count="5" type="stmt"/>
    </file>
  </project>
</coverage>
