<?xml version="1.0" encoding="UTF-8"?>
<coverage generated="1669974346898" clover="3.2.0">
  <project timestamp="1669974346899" name="All files">
    <metrics statements="32" coveredstatements="31" conditionals="10" coveredconditionals="10" methods="5" coveredmethods="4" elements="47" coveredelements="45" complexity="0" loc="32" ncloc="32" packages="1" files="4" classes="4"/>
    <file name="king.ts" path="C:\Users\haap9\Documents\HAAP Documents\Cursos\JalaUniversity\Backend\Homework_1-12-2022_Gameboard\src\king.ts">
      <metrics statements="13" coveredstatements="13" conditionals="6" coveredconditionals="6" methods="1" coveredmethods="1"/>
      <line num="1" count="1" type="stmt"/>
      <line num="4" count="1" type="stmt"/>
      <line num="7" count="4" type="stmt"/>
      <line num="8" count="4" type="stmt"/>
      <line num="10" count="4" type="stmt"/>
      <line num="11" count="4" type="stmt"/>
      <line num="12" count="4" type="stmt"/>
      <line num="13" count="4" type="stmt"/>
      <line num="15" count="4" type="cond" truecount="3" falsecount="0"/>
      <line num="17" count="1" type="stmt"/>
      <line num="19" count="3" type="cond" truecount="3" falsecount="0"/>
      <line num="21" count="2" type="stmt"/>
      <line num="23" count="1" type="stmt"/>
    </file>
    <file name="piece.ts" path="C:\Users\haap9\Documents\HAAP Documents\Cursos\JalaUniversity\Backend\Homework_1-12-2022_Gameboard\src\piece.ts">
      <metrics statements="5" coveredstatements="4" conditionals="0" coveredconditionals="0" methods="2" coveredmethods="1"/>
      <line num="1" count="1" type="stmt"/>
      <line num="4" count="1" type="stmt"/>
      <line num="7" count="18" type="stmt"/>
      <line num="11" count="18" type="stmt"/>
      <line num="15" count="0" type="stmt"/>
    </file>
    <file name="position.ts" path="C:\Users\haap9\Documents\HAAP Documents\Cursos\JalaUniversity\Backend\Homework_1-12-2022_Gameboard\src\position.ts">
      <metrics statements="3" coveredstatements="3" conditionals="0" coveredconditionals="0" methods="1" coveredmethods="1"/>
      <line num="3" count="1" type="stmt"/>
      <line num="5" count="30" type="stmt"/>
      <line num="6" count="30" type="stmt"/>
    </file>
    <file name="queen.ts" path="C:\Users\haap9\Documents\HAAP Documents\Cursos\JalaUniversity\Backend\Homework_1-12-2022_Gameboard\src\queen.ts">
      <metrics statements="11" coveredstatements="11" conditionals="4" coveredconditionals="4" methods="1" coveredmethods="1"/>
      <line num="1" count="1" type="stmt"/>
      <line num="4" count="1" type="stmt"/>
      <line num="7" count="8" type="stmt"/>
      <line num="8" count="8" type="stmt"/>
      <line num="10" count="8" type="stmt"/>
      <line num="11" count="8" type="stmt"/>
      <line num="12" count="8" type="stmt"/>
      <line num="13" count="8" type="stmt"/>
      <line num="15" count="8" type="cond" truecount="4" falsecount="0"/>
      <line num="18" count="4" type="stmt"/>
      <line num="20" count="4" type="stmt"/>
    </file>
  </project>
</coverage>
