{"C:\\Users\\haap9\\Documents\\HAAP Documents\\Cursos\\JalaUniversity\\Backend\\Homework_1-12-2022_Gameboard\\src\\bishop.ts": {"path":"C:\\Users\\haap9\\Documents\\HAAP Documents\\Cursos\\JalaUniversity\\Backend\\Homework_1-12-2022_Gameboard\\src\\bishop.ts","statementMap":{"0":{"start":{"line":1,"column":0},"end":{"line":1,"column":28}},"1":{"start":{"line":6,"column":22},"end":{"line":6,"column":55}},"2":{"start":{"line":7,"column":22},"end":{"line":7,"column":55}},"3":{"start":{"line":9,"column":28},"end":{"line":9,"column":61}},"4":{"start":{"line":10,"column":28},"end":{"line":10,"column":61}},"5":{"start":{"line":11,"column":27},"end":{"line":11,"column":55}},"6":{"start":{"line":12,"column":27},"end":{"line":12,"column":55}},"7":{"start":{"line":14,"column":8},"end":{"line":15,"column":24}},"8":{"start":{"line":15,"column":12},"end":{"line":15,"column":24}},"9":{"start":{"line":17,"column":8},"end":{"line":17,"column":21}},"10":{"start":{"line":4,"column":0},"end":{"line":4,"column":21}}},"fnMap":{"0":{"name":"(anonymous_1)","decl":{"start":{"line":5,"column":4},"end":{"line":5,"column":13}},"loc":{"start":{"line":5,"column":32},"end":{"line":18,"column":5}}}},"branchMap":{"0":{"loc":{"start":{"line":14,"column":8},"end":{"line":15,"column":24}},"type":"if","locations":[{"start":{"line":14,"column":8},"end":{"line":15,"column":24}}]}},"s":{"0":1,"1":2,"2":2,"3":2,"4":2,"5":2,"6":2,"7":2,"8":0,"9":2,"10":1},"f":{"0":2},"b":{"0":[0]}}
,"C:\\Users\\haap9\\Documents\\HAAP Documents\\Cursos\\JalaUniversity\\Backend\\Homework_1-12-2022_Gameboard\\src\\king.ts": {"path":"C:\\Users\\haap9\\Documents\\HAAP Documents\\Cursos\\JalaUniversity\\Backend\\Homework_1-12-2022_Gameboard\\src\\king.ts","statementMap":{"0":{"start":{"line":1,"column":0},"end":{"line":1,"column":28}},"1":{"start":{"line":7,"column":22},"end":{"line":7,"column":55}},"2":{"start":{"line":8,"column":22},"end":{"line":8,"column":55}},"3":{"start":{"line":10,"column":28},"end":{"line":10,"column":61}},"4":{"start":{"line":11,"column":28},"end":{"line":11,"column":61}},"5":{"start":{"line":12,"column":27},"end":{"line":12,"column":55}},"6":{"start":{"line":13,"column":27},"end":{"line":13,"column":55}},"7":{"start":{"line":15,"column":8},"end":{"line":17,"column":25}},"8":{"start":{"line":17,"column":12},"end":{"line":17,"column":25}},"9":{"start":{"line":19,"column":8},"end":{"line":21,"column":24}},"10":{"start":{"line":21,"column":12},"end":{"line":21,"column":24}},"11":{"start":{"line":23,"column":8},"end":{"line":23,"column":21}},"12":{"start":{"line":4,"column":0},"end":{"line":4,"column":21}}},"fnMap":{"0":{"name":"(anonymous_1)","decl":{"start":{"line":5,"column":4},"end":{"line":5,"column":13}},"loc":{"start":{"line":5,"column":32},"end":{"line":25,"column":5}}}},"branchMap":{"0":{"loc":{"start":{"line":15,"column":8},"end":{"line":17,"column":25}},"type":"if","locations":[{"start":{"line":15,"column":8},"end":{"line":17,"column":25}}]},"1":{"loc":{"start":{"line":15,"column":11},"end":{"line":16,"column":39}},"type":"binary-expr","locations":[{"start":{"line":15,"column":12},"end":{"line":15,"column":38}},{"start":{"line":16,"column":12},"end":{"line":16,"column":38}}]},"2":{"loc":{"start":{"line":19,"column":8},"end":{"line":21,"column":24}},"type":"if","locations":[{"start":{"line":19,"column":8},"end":{"line":21,"column":24}}]},"3":{"loc":{"start":{"line":19,"column":11},"end":{"line":20,"column":49}},"type":"binary-expr","locations":[{"start":{"line":19,"column":12},"end":{"line":19,"column":47}},{"start":{"line":20,"column":12},"end":{"line":20,"column":48}}]}},"s":{"0":1,"1":4,"2":4,"3":4,"4":4,"5":4,"6":4,"7":4,"8":1,"9":3,"10":2,"11":1,"12":1},"f":{"0":4},"b":{"0":[1],"1":[4,3],"2":[2],"3":[3,3]}}
,"C:\\Users\\haap9\\Documents\\HAAP Documents\\Cursos\\JalaUniversity\\Backend\\Homework_1-12-2022_Gameboard\\src\\piece.ts": {"path":"C:\\Users\\haap9\\Documents\\HAAP Documents\\Cursos\\JalaUniversity\\Backend\\Homework_1-12-2022_Gameboard\\src\\piece.ts","statementMap":{"0":{"start":{"line":1,"column":0},"end":{"line":1,"column":34}},"1":{"start":{"line":7,"column":25},"end":{"line":7,"column":37}},"2":{"start":{"line":11,"column":8},"end":{"line":11,"column":49}},"3":{"start":{"line":15,"column":8},"end":{"line":15,"column":34}},"4":{"start":{"line":4,"column":0},"end":{"line":4,"column":30}}},"fnMap":{"0":{"name":"(anonymous_1)","decl":{"start":{"line":6,"column":4},"end":{"line":6,"column":null}},"loc":{"start":{"line":9,"column":18},"end":{"line":12,"column":5}}},"1":{"name":"(anonymous_2)","decl":{"start":{"line":14,"column":4},"end":{"line":14,"column":10}},"loc":{"start":{"line":14,"column":29},"end":{"line":16,"column":5}}}},"branchMap":{},"s":{"0":1,"1":42,"2":42,"3":0,"4":1},"f":{"0":42,"1":0},"b":{}}
,"C:\\Users\\haap9\\Documents\\HAAP Documents\\Cursos\\JalaUniversity\\Backend\\Homework_1-12-2022_Gameboard\\src\\position.ts": {"path":"C:\\Users\\haap9\\Documents\\HAAP Documents\\Cursos\\JalaUniversity\\Backend\\Homework_1-12-2022_Gameboard\\src\\position.ts","statementMap":{"0":{"start":{"line":5,"column":17},"end":{"line":5,"column":27}},"1":{"start":{"line":6,"column":17},"end":{"line":6,"column":27}},"2":{"start":{"line":3,"column":0},"end":{"line":3,"column":21}}},"fnMap":{"0":{"name":"(anonymous_0)","decl":{"start":{"line":4,"column":4},"end":{"line":4,"column":null}},"loc":{"start":{"line":6,"column":27},"end":{"line":7,"column":7}}}},"branchMap":{},"s":{"0":60,"1":60,"2":1},"f":{"0":60},"b":{}}
,"C:\\Users\\haap9\\Documents\\HAAP Documents\\Cursos\\JalaUniversity\\Backend\\Homework_1-12-2022_Gameboard\\src\\queen.ts": {"path":"C:\\Users\\haap9\\Documents\\HAAP Documents\\Cursos\\JalaUniversity\\Backend\\Homework_1-12-2022_Gameboard\\src\\queen.ts","statementMap":{"0":{"start":{"line":1,"column":0},"end":{"line":1,"column":28}},"1":{"start":{"line":7,"column":22},"end":{"line":7,"column":55}},"2":{"start":{"line":8,"column":22},"end":{"line":8,"column":55}},"3":{"start":{"line":10,"column":28},"end":{"line":10,"column":61}},"4":{"start":{"line":11,"column":28},"end":{"line":11,"column":61}},"5":{"start":{"line":12,"column":27},"end":{"line":12,"column":55}},"6":{"start":{"line":13,"column":27},"end":{"line":13,"column":55}},"7":{"start":{"line":15,"column":8},"end":{"line":18,"column":24}},"8":{"start":{"line":18,"column":12},"end":{"line":18,"column":24}},"9":{"start":{"line":20,"column":8},"end":{"line":20,"column":21}},"10":{"start":{"line":4,"column":0},"end":{"line":4,"column":21}}},"fnMap":{"0":{"name":"(anonymous_1)","decl":{"start":{"line":5,"column":4},"end":{"line":5,"column":13}},"loc":{"start":{"line":5,"column":32},"end":{"line":21,"column":5}}}},"branchMap":{"0":{"loc":{"start":{"line":15,"column":8},"end":{"line":18,"column":24}},"type":"if","locations":[{"start":{"line":15,"column":8},"end":{"line":18,"column":24}}]},"1":{"loc":{"start":{"line":15,"column":11},"end":{"line":17,"column":86}},"type":"binary-expr","locations":[{"start":{"line":15,"column":12},"end":{"line":15,"column":38}},{"start":{"line":16,"column":12},"end":{"line":16,"column":38}},{"start":{"line":17,"column":12},"end":{"line":17,"column":85}}]}},"s":{"0":1,"1":12,"2":12,"3":12,"4":12,"5":12,"6":12,"7":12,"8":5,"9":7,"10":1},"f":{"0":12},"b":{"0":[5],"1":[12,10,9]}}
}
