TN:
SF:src\bishop.ts
FN:5,(anonymous_1)
FNF:1
FNH:1
FNDA:2,(anonymous_1)
DA:1,1
DA:4,1
DA:6,2
DA:7,2
DA:9,2
DA:10,2
DA:11,2
DA:12,2
DA:14,2
DA:15,0
DA:17,2
LF:11
LH:10
BRDA:14,0,0,0
BRF:1
BRH:0
end_of_record
TN:
SF:src\king.ts
FN:5,(anonymous_1)
FNF:1
FNH:1
FNDA:4,(anonymous_1)
DA:1,1
DA:4,1
DA:7,4
DA:8,4
DA:10,4
DA:11,4
DA:12,4
DA:13,4
DA:15,4
DA:17,1
DA:19,3
DA:21,2
DA:23,1
LF:13
LH:13
BRDA:15,0,0,1
BRDA:15,1,0,4
BRDA:15,1,1,3
BRDA:19,2,0,2
BRDA:19,3,0,3
BRDA:19,3,1,3
BRF:6
BRH:6
end_of_record
TN:
SF:src\piece.ts
FN:6,(anonymous_1)
FN:14,(anonymous_2)
FNF:2
FNH:1
FNDA:42,(anonymous_1)
FNDA:0,(anonymous_2)
DA:1,1
DA:4,1
DA:7,42
DA:11,42
DA:15,0
LF:5
LH:4
BRF:0
BRH:0
end_of_record
TN:
SF:src\position.ts
FN:4,(anonymous_0)
FNF:1
FNH:1
FNDA:60,(anonymous_0)
DA:3,1
DA:5,60
DA:6,60
LF:3
LH:3
BRF:0
BRH:0
end_of_record
TN:
SF:src\queen.ts
FN:5,(anonymous_1)
FNF:1
FNH:1
FNDA:12,(anonymous_1)
DA:1,1
DA:4,1
DA:7,12
DA:8,12
DA:10,12
DA:11,12
DA:12,12
DA:13,12
DA:15,12
DA:18,5
DA:20,7
LF:11
LH:11
BRDA:15,0,0,5
BRDA:15,1,0,12
BRDA:15,1,1,10
BRDA:15,1,2,9
BRF:4
BRH:4
end_of_record
